<?xml version="1.0" encoding="UTF-8"?>
<testng-results skipped="0" failed="0" ignored="0" total="1" passed="1">
  <reporter-output>
  </reporter-output>
  <suite name="Default suite" duration-ms="7586" started-at="2020-02-08T15:11:35 IST" finished-at="2020-02-08T15:11:43 IST">
    <groups>
    </groups>
    <test name="Default test" duration-ms="7586" started-at="2020-02-08T15:11:35 IST" finished-at="2020-02-08T15:11:43 IST">
      <class name="testcases.TC0001_Login">
        <test-method status="PASS" signature="beforetext()[pri:0, instance:testcases.TC0001_Login@6c3152]" name="beforetext" is-config="true" duration-ms="5929" started-at="2020-02-08T15:11:35 IST" finished-at="2020-02-08T15:11:41 IST">
          <reporter-output>
          </reporter-output>
        </test-method> <!-- beforetext -->
        <test-method status="PASS" signature="runLogin()[pri:0, instance:testcases.TC0001_Login@6c3152]" name="runLogin" duration-ms="1264" started-at="2020-02-08T15:11:41 IST" finished-at="2020-02-08T15:11:42 IST">
          <reporter-output>
          </reporter-output>
        </test-method> <!-- runLogin -->
        <test-method status="PASS" signature="aftertext()[pri:0, instance:testcases.TC0001_Login@6c3152]" name="aftertext" is-config="true" duration-ms="326" started-at="2020-02-08T15:11:42 IST" finished-at="2020-02-08T15:11:43 IST">
          <reporter-output>
          </reporter-output>
        </test-method> <!-- aftertext -->
      </class> <!-- testcases.TC0001_Login -->
    </test> <!-- Default test -->
  </suite> <!-- Default suite -->
</testng-results>
